<?xml version="1.0" encoding="UTF-8"?>
<testng-results ignored="0" total="2" passed="2" failed="0" skipped="0">
  <reporter-output>
  </reporter-output>
  <suite started-at="2024-03-18T21:55:33 GET" name="Surefire suite" finished-at="2024-03-18T21:55:43 GET" duration-ms="9340">
    <groups>
    </groups>
    <test started-at="2024-03-18T21:55:33 GET" name="Surefire test" finished-at="2024-03-18T21:55:43 GET" duration-ms="9340">
      <class name="org.example.tests.LoginTest">
        <test-method is-config="true" signature="setUp()[pri:0, instance:org.example.tests.LoginTest@7d68ef40]" started-at="2024-03-18T21:55:29 GET" name="setUp" finished-at="2024-03-18T21:55:33 GET" duration-ms="4597" status="PASS">
          <reporter-output>
          </reporter-output>
        </test-method> <!-- setUp -->
        <test-method signature="loginWithLockedUser()[pri:0, instance:org.example.tests.LoginTest@7d68ef40]" started-at="2024-03-18T21:55:33 GET" name="loginWithLockedUser" finished-at="2024-03-18T21:55:38 GET" duration-ms="5066" status="PASS">
          <reporter-output>
          </reporter-output>
        </test-method> <!-- loginWithLockedUser -->
        <test-method signature="loginWithWrongPassword()[pri:0, instance:org.example.tests.LoginTest@7d68ef40]" started-at="2024-03-18T21:55:38 GET" name="loginWithWrongPassword" finished-at="2024-03-18T21:55:43 GET" duration-ms="4220" status="PASS">
          <reporter-output>
          </reporter-output>
        </test-method> <!-- loginWithWrongPassword -->
        <test-method is-config="true" signature="tearDown()[pri:0, instance:org.example.tests.LoginTest@7d68ef40]" started-at="2024-03-18T21:55:43 GET" name="tearDown" finished-at="2024-03-18T21:55:43 GET" duration-ms="111" status="PASS">
          <reporter-output>
          </reporter-output>
        </test-method> <!-- tearDown -->
      </class> <!-- org.example.tests.LoginTest -->
    </test> <!-- Surefire test -->
  </suite> <!-- Surefire suite -->
</testng-results>
